{"total": {"lines":{"total":128,"covered":25,"skipped":0,"pct":19.53},"statements":{"total":135,"covered":26,"skipped":0,"pct":19.26},"functions":{"total":47,"covered":8,"skipped":0,"pct":17.02},"branches":{"total":27,"covered":4,"skipped":0,"pct":14.81}}
,"/home/oem/Documentos/projetos/sd-020-b-project-trivia-react-redux/src/App.js": {"lines":{"total":1,"covered":0,"skipped":0,"pct":0},"functions":{"total":1,"covered":0,"skipped":0,"pct":0},"statements":{"total":1,"covered":0,"skipped":0,"pct":0},"branches":{"total":0,"covered":0,"skipped":0,"pct":100}}
,"/home/oem/Documentos/projetos/sd-020-b-project-trivia-react-redux/src/components/Header.jsx": {"lines":{"total":11,"covered":0,"skipped":0,"pct":0},"functions":{"total":6,"covered":0,"skipped":0,"pct":0},"statements":{"total":13,"covered":0,"skipped":0,"pct":0},"branches":{"total":0,"covered":0,"skipped":0,"pct":100}}
,"/home/oem/Documentos/projetos/sd-020-b-project-trivia-react-redux/src/components/Logout.jsx": {"lines":{"total":6,"covered":0,"skipped":0,"pct":0},"functions":{"total":2,"covered":0,"skipped":0,"pct":0},"statements":{"total":6,"covered":0,"skipped":0,"pct":0},"branches":{"total":0,"covered":0,"skipped":0,"pct":100}}
,"/home/oem/Documentos/projetos/sd-020-b-project-trivia-react-redux/src/components/Scoreboard.jsx": {"lines":{"total":5,"covered":0,"skipped":0,"pct":0},"functions":{"total":2,"covered":0,"skipped":0,"pct":0},"statements":{"total":5,"covered":0,"skipped":0,"pct":0},"branches":{"total":0,"covered":0,"skipped":0,"pct":100}}
,"/home/oem/Documentos/projetos/sd-020-b-project-trivia-react-redux/src/pages/Feedback.js": {"lines":{"total":5,"covered":0,"skipped":0,"pct":0},"functions":{"total":2,"covered":0,"skipped":0,"pct":0},"statements":{"total":6,"covered":0,"skipped":0,"pct":0},"branches":{"total":2,"covered":0,"skipped":0,"pct":0}}
,"/home/oem/Documentos/projetos/sd-020-b-project-trivia-react-redux/src/pages/Game.js": {"lines":{"total":73,"covered":0,"skipped":0,"pct":0},"functions":{"total":25,"covered":0,"skipped":0,"pct":0},"statements":{"total":76,"covered":0,"skipped":0,"pct":0},"branches":{"total":21,"covered":0,"skipped":0,"pct":0}}
,"/home/oem/Documentos/projetos/sd-020-b-project-trivia-react-redux/src/pages/Login.js": {"lines":{"total":26,"covered":25,"skipped":0,"pct":96.15},"functions":{"total":8,"covered":8,"skipped":0,"pct":100},"statements":{"total":27,"covered":26,"skipped":0,"pct":96.3},"branches":{"total":4,"covered":4,"skipped":0,"pct":100}}
,"/home/oem/Documentos/projetos/sd-020-b-project-trivia-react-redux/src/pages/Settings.js": {"lines":{"total":1,"covered":0,"skipped":0,"pct":0},"functions":{"total":1,"covered":0,"skipped":0,"pct":0},"statements":{"total":1,"covered":0,"skipped":0,"pct":0},"branches":{"total":0,"covered":0,"skipped":0,"pct":100}}
}
